mode: atomic
github.com/Zaprit/Reflow/technicapi/server.go:16.19,19.2 2 0
github.com/Zaprit/Reflow/technicapi/server.go:22.15,27.16 2 1
github.com/Zaprit/Reflow/technicapi/server.go:27.16,28.36 1 0
github.com/Zaprit/Reflow/technicapi/server.go:33.40,59.16 13 1
github.com/Zaprit/Reflow/technicapi/server.go:59.16,61.13 2 0
github.com/Zaprit/Reflow/technicapi/server.go:66.56,67.71 1 1
github.com/Zaprit/Reflow/technicapi/server.go:67.71,71.3 3 4
github.com/Zaprit/Reflow/technicapi/common.go:16.54,20.16 3 1
github.com/Zaprit/Reflow/technicapi/common.go:20.16,22.3 1 0
github.com/Zaprit/Reflow/technicapi/key.go:16.58,23.53 4 2
github.com/Zaprit/Reflow/technicapi/key.go:33.2,39.16 2 1
github.com/Zaprit/Reflow/technicapi/key.go:43.2,45.16 2 1
github.com/Zaprit/Reflow/technicapi/key.go:23.53,26.17 2 1
github.com/Zaprit/Reflow/technicapi/key.go:30.3,30.9 1 1
github.com/Zaprit/Reflow/technicapi/key.go:26.17,27.22 1 0
github.com/Zaprit/Reflow/technicapi/key.go:39.16,40.21 1 0
github.com/Zaprit/Reflow/technicapi/key.go:45.16,46.21 1 0
github.com/Zaprit/Reflow/technicapi/mod.go:19.54,26.22 4 0
github.com/Zaprit/Reflow/technicapi/mod.go:30.2,33.16 3 0
github.com/Zaprit/Reflow/technicapi/mod.go:26.22,28.3 1 0
github.com/Zaprit/Reflow/technicapi/mod.go:33.16,35.3 1 0
github.com/Zaprit/Reflow/technicapi/mod.go:48.55,58.26 6 1
github.com/Zaprit/Reflow/technicapi/mod.go:62.2,66.20 3 1
github.com/Zaprit/Reflow/technicapi/mod.go:72.2,72.16 1 1
github.com/Zaprit/Reflow/technicapi/mod.go:58.26,60.3 1 1
github.com/Zaprit/Reflow/technicapi/mod.go:66.20,68.3 1 0
github.com/Zaprit/Reflow/technicapi/mod.go:68.8,70.3 1 1
github.com/Zaprit/Reflow/technicapi/mod.go:72.16,74.3 1 0
github.com/Zaprit/Reflow/technicapi/mod.go:74.8,77.17 2 1
github.com/Zaprit/Reflow/technicapi/mod.go:77.17,79.4 1 0
github.com/Zaprit/Reflow/technicapi/mod.go:91.62,101.23 6 0
github.com/Zaprit/Reflow/technicapi/mod.go:105.2,107.16 2 0
github.com/Zaprit/Reflow/technicapi/mod.go:116.2,117.16 2 0
github.com/Zaprit/Reflow/technicapi/mod.go:101.23,103.3 1 0
github.com/Zaprit/Reflow/technicapi/mod.go:107.16,111.17 3 0
github.com/Zaprit/Reflow/technicapi/mod.go:111.17,112.22 1 0
github.com/Zaprit/Reflow/technicapi/mod.go:117.16,118.21 1 0
github.com/Zaprit/Reflow/technicapi/modpack.go:18.58,28.26 6 0
github.com/Zaprit/Reflow/technicapi/modpack.go:32.2,35.16 3 0
github.com/Zaprit/Reflow/technicapi/modpack.go:28.26,30.3 1 0
github.com/Zaprit/Reflow/technicapi/modpack.go:35.16,37.3 1 0
github.com/Zaprit/Reflow/technicapi/modpack.go:41.59,50.53 5 0
github.com/Zaprit/Reflow/technicapi/modpack.go:59.2,61.24 2 0
github.com/Zaprit/Reflow/technicapi/modpack.go:65.2,69.16 3 0
github.com/Zaprit/Reflow/technicapi/modpack.go:50.53,52.17 2 0
github.com/Zaprit/Reflow/technicapi/modpack.go:56.3,56.9 1 0
github.com/Zaprit/Reflow/technicapi/modpack.go:52.17,53.22 1 0
github.com/Zaprit/Reflow/technicapi/modpack.go:61.24,63.3 1 0
github.com/Zaprit/Reflow/technicapi/modpack.go:69.16,70.21 1 0
github.com/Zaprit/Reflow/technicapi/modpack.go:75.57,84.53 5 0
github.com/Zaprit/Reflow/technicapi/modpack.go:93.2,95.54 2 0
github.com/Zaprit/Reflow/technicapi/modpack.go:104.2,108.34 3 0
github.com/Zaprit/Reflow/technicapi/modpack.go:123.2,126.16 3 0
github.com/Zaprit/Reflow/technicapi/modpack.go:84.53,86.17 2 0
github.com/Zaprit/Reflow/technicapi/modpack.go:90.3,90.9 1 0
github.com/Zaprit/Reflow/technicapi/modpack.go:86.17,87.22 1 0
github.com/Zaprit/Reflow/technicapi/modpack.go:95.54,97.17 2 0
github.com/Zaprit/Reflow/technicapi/modpack.go:101.3,101.9 1 0
github.com/Zaprit/Reflow/technicapi/modpack.go:97.17,98.22 1 0
github.com/Zaprit/Reflow/technicapi/modpack.go:108.34,116.27 5 0
github.com/Zaprit/Reflow/technicapi/modpack.go:120.3,120.78 1 0
github.com/Zaprit/Reflow/technicapi/modpack.go:116.27,118.4 1 0
github.com/Zaprit/Reflow/technicapi/modpack.go:126.16,127.21 1 0
